<?xml version="1.0" encoding="UTF-8"?>
<!-- Generated by org.testng.reporters.JUnitXMLReporter -->
<testsuite hostname="DESKTOP-KGFLCP8" ignored="0" name="Test" tests="2" failures="1" timestamp="28 Sep 2018 08:27:05 GMT" time="142.011" errors="0">
  <testcase name="testA" time="12.947" classname="script.TestDemo">
    <failure type="java.lang.AssertionError" message="null">
      <![CDATA[java.lang.AssertionError: null
at script.TestDemo.testA(TestDemo.java:19)
... Removed 27 stack frames]]>
    </failure>
  </testcase> <!-- testA -->
  <testcase name="testA" time="0.004" classname="script.TestDemo2"/>
</testsuite> <!-- Test -->
