<?xml version="1.0" encoding="UTF-8"?>
<testng-results skipped="0" failed="1" ignored="0" total="2" passed="1">
  <reporter-output>
    <line>
      <![CDATA[Data:username]]>
    </line>
    <line>
      <![CDATA[Row1]]>
    </line>
    <line>
      <![CDATA[Test:testAis failed @photo is./photo/Mon Oct 01 20_04_13 IST 2018.png]]>
    </line>
    <line>
      <![CDATA[testA]]>
    </line>
    <line>
      <![CDATA[Test:testAis PASSED]]>
    </line>
  </reporter-output>
  <suite name="Suite" duration-ms="265597" started-at="2018-10-01T14:31:45Z" finished-at="2018-10-01T14:36:10Z">
    <groups>
      <group name="smoke">
        <method signature="TestDemo2.testA()[pri:1, instance:script.TestDemo2@343f4d3d]" name="testA" class="script.TestDemo2"/>
      </group> <!-- smoke -->
      <group name="login">
        <method signature="TestDemo2.testA()[pri:1, instance:script.TestDemo2@343f4d3d]" name="testA" class="script.TestDemo2"/>
      </group> <!-- login -->
    </groups>
    <test name="Test" duration-ms="265597" started-at="2018-10-01T14:31:45Z" finished-at="2018-10-01T14:36:10Z">
      <class name="script.TestDemo">
        <test-method status="PASS" signature="openApplication(java.lang.String, java.lang.String)[pri:0, instance:script.TestDemo@57baeedf]" name="openApplication" is-config="true" duration-ms="134007" started-at="2018-10-01T14:31:45Z" finished-at="2018-10-01T14:33:59Z">
          <params>
            <param index="0">
              <value>
                <![CDATA[localhost]]>
              </value>
            </param>
            <param index="1">
              <value>
                <![CDATA[chrome]]>
              </value>
            </param>
          </params>
          <reporter-output>
          </reporter-output>
        </test-method> <!-- openApplication -->
        <test-method status="FAIL" signature="testA()[pri:0, instance:script.TestDemo@57baeedf]" name="testA" duration-ms="13594" started-at="2018-10-01T14:33:59Z" finished-at="2018-10-01T14:34:12Z">
          <exception class="java.lang.AssertionError">
            <message>
              <![CDATA[null]]>
            </message>
            <full-stacktrace>
              <![CDATA[java.lang.AssertionError: null
at org.testng.Assert.fail(Assert.java:96)
at org.testng.Assert.fail(Assert.java:103)
at script.TestDemo.testA(TestDemo.java:19)
at sun.reflect.NativeMethodAccessorImpl.invoke0(Native Method)
at sun.reflect.NativeMethodAccessorImpl.invoke(Unknown Source)
at sun.reflect.DelegatingMethodAccessorImpl.invoke(Unknown Source)
at java.lang.reflect.Method.invoke(Unknown Source)
at org.testng.internal.MethodInvocationHelper.invokeMethod(MethodInvocationHelper.java:124)
at org.testng.internal.Invoker.invokeMethod(Invoker.java:580)
at org.testng.internal.Invoker.invokeTestMethod(Invoker.java:716)
at org.testng.internal.Invoker.invokeTestMethods(Invoker.java:988)
at org.testng.internal.TestMethodWorker.invokeTestMethods(TestMethodWorker.java:125)
at org.testng.internal.TestMethodWorker.run(TestMethodWorker.java:109)
at org.testng.TestRunner.privateRun(TestRunner.java:648)
at org.testng.TestRunner.run(TestRunner.java:505)
at org.testng.SuiteRunner.runTest(SuiteRunner.java:455)
at org.testng.SuiteRunner.runSequentially(SuiteRunner.java:450)
at org.testng.SuiteRunner.privateRun(SuiteRunner.java:415)
at org.testng.SuiteRunner.run(SuiteRunner.java:364)
at org.testng.SuiteRunnerWorker.runSuite(SuiteRunnerWorker.java:52)
at org.testng.SuiteRunnerWorker.run(SuiteRunnerWorker.java:84)
at org.testng.TestNG.runSuitesSequentially(TestNG.java:1208)
at org.testng.TestNG.runSuitesLocally(TestNG.java:1137)
at org.testng.TestNG.runSuites(TestNG.java:1049)
at org.testng.TestNG.run(TestNG.java:1017)
at org.testng.remote.AbstractRemoteTestNG.run(AbstractRemoteTestNG.java:114)
at org.testng.remote.RemoteTestNG.initAndRun(RemoteTestNG.java:251)
at org.testng.remote.RemoteTestNG.main(RemoteTestNG.java:77)
]]>
            </full-stacktrace>
          </exception> <!-- java.lang.AssertionError -->
          <reporter-output>
            <line>
              <![CDATA[Data:username]]>
            </line>
            <line>
              <![CDATA[Row1]]>
            </line>
          </reporter-output>
        </test-method> <!-- testA -->
        <test-method status="PASS" signature="closeApplication(org.testng.ITestResult)[pri:0, instance:script.TestDemo@57baeedf]" name="closeApplication" is-config="true" duration-ms="4834" started-at="2018-10-01T14:34:13Z" finished-at="2018-10-01T14:34:17Z">
          <params>
            <param index="0">
              <value>
                <![CDATA[[TestResult name=testA status=FAILURE method=TestDemo.testA()[pri:0, instance:script.TestDemo@57baeedf] output=Data:username]]]>
              </value>
            </param>
          </params>
          <reporter-output>
            <line>
              <![CDATA[Test:testAis failed @photo is./photo/Mon Oct 01 20_04_13 IST 2018.png]]>
            </line>
          </reporter-output>
        </test-method> <!-- closeApplication -->
      </class> <!-- script.TestDemo -->
      <class name="script.TestDemo2">
        <test-method status="PASS" signature="openApplication(java.lang.String, java.lang.String)[pri:0, instance:script.TestDemo2@343f4d3d]" name="openApplication" is-config="true" duration-ms="84439" started-at="2018-10-01T14:34:18Z" finished-at="2018-10-01T14:35:42Z">
          <params>
            <param index="0">
              <value>
                <![CDATA[localhost]]>
              </value>
            </param>
            <param index="1">
              <value>
                <![CDATA[chrome]]>
              </value>
            </param>
          </params>
          <reporter-output>
          </reporter-output>
        </test-method> <!-- openApplication -->
        <test-method status="PASS" signature="testA()[pri:1, instance:script.TestDemo2@343f4d3d]" name="testA" duration-ms="25506" started-at="2018-10-01T14:35:42Z" finished-at="2018-10-01T14:36:08Z">
          <reporter-output>
            <line>
              <![CDATA[testA]]>
            </line>
          </reporter-output>
        </test-method> <!-- testA -->
        <test-method status="PASS" signature="closeApplication(org.testng.ITestResult)[pri:0, instance:script.TestDemo2@343f4d3d]" name="closeApplication" is-config="true" duration-ms="2482" started-at="2018-10-01T14:36:08Z" finished-at="2018-10-01T14:36:10Z">
          <params>
            <param index="0">
              <value>
                <![CDATA[[TestResult name=testA status=SUCCESS method=TestDemo2.testA()[pri:1, instance:script.TestDemo2@343f4d3d] output=testA]]]>
              </value>
            </param>
          </params>
          <reporter-output>
            <line>
              <![CDATA[Test:testAis PASSED]]>
            </line>
          </reporter-output>
        </test-method> <!-- closeApplication -->
      </class> <!-- script.TestDemo2 -->
    </test> <!-- Test -->
  </suite> <!-- Suite -->
</testng-results>
